<?xml version="1.0" encoding="UTF-8" ?>
<<<<<<< HEAD
<testsuite tests="4" failures="1" name="asd.test.RunTest" time="119.868" errors="1" skipped="0">
=======
<testsuite tests="45" failures="0" name="asd.test.RunTest" time="0.685" errors="0" skipped="45">
>>>>>>> 180eb8c2743879f33b15c5be5c802ef6b356f199
  <properties>
    <property name="java.runtime.name" value="Java(TM) SE Runtime Environment"/>
    <property name="sun.boot.library.path" value="C:\Program Files\Java\jdk1.8.0_201\jre\bin"/>
    <property name="java.vm.version" value="25.201-b09"/>
    <property name="java.vm.vendor" value="Oracle Corporation"/>
    <property name="java.vendor.url" value="http://java.oracle.com/"/>
    <property name="path.separator" value=";"/>
    <property name="guice.disable.misplaced.annotation.check" value="true"/>
    <property name="java.vm.name" value="Java HotSpot(TM) 64-Bit Server VM"/>
    <property name="file.encoding.pkg" value="sun.io"/>
    <property name="user.script" value=""/>
    <property name="user.country" value="US"/>
    <property name="sun.java.launcher" value="SUN_STANDARD"/>
    <property name="sun.os.patch.level" value=""/>
    <property name="java.vm.specification.name" value="Java Virtual Machine Specification"/>
    <property name="user.dir" value="C:\Users\Hieu\Pictures\master\ASD-Test"/>
    <property name="java.runtime.version" value="1.8.0_201-b09"/>
    <property name="java.awt.graphicsenv" value="sun.awt.Win32GraphicsEnvironment"/>
    <property name="java.endorsed.dirs" value="C:\Program Files\Java\jdk1.8.0_201\jre\lib\endorsed"/>
    <property name="os.arch" value="amd64"/>
    <property name="java.io.tmpdir" value="C:\Users\Hieu\AppData\Local\Temp\"/>
    <property name="line.separator" value="
"/>
    <property name="java.vm.specification.vendor" value="Oracle Corporation"/>
    <property name="user.variant" value=""/>
    <property name="os.name" value="Windows 10"/>
    <property name="maven.ext.class.path" value="C:\Program Files\NetBeans 8.2\java\maven-nblib\netbeans-eventspy.jar"/>
    <property name="classworlds.conf" value="C:\Program Files\NetBeans 8.2\java\maven\bin\m2.conf"/>
    <property name="sun.jnu.encoding" value="Cp1252"/>
    <property name="java.library.path" value="C:\Program Files\Java\jdk1.8.0_201\bin;C:\WINDOWS\Sun\Java\bin;C:\WINDOWS\system32;C:\WINDOWS;C:\Program Files (x86)\Common Files\Oracle\Java\javapath;C:\WINDOWS\system32;C:\WINDOWS;C:\WINDOWS\System32\Wbem;C:\WINDOWS\System32\WindowsPowerShell\v1.0\;C:\WINDOWS\System32\OpenSSH\;C:\Program Files\PuTTY\;C:\Program Files\Git\cmd;C:\Users\Hieu\AppData\Roaming\Microsoft\Windows\Start Menu\Programs\Python 3.7;C:\Users\Hieu\AppData\Local\Programs\Python\Python37\;C:\Users\Hieu\AppData\Local\Microsoft\WindowsApps;C:\Users\Hieu\AppData\Local\atom\bin;C:\Users\Hieu\AppData\Local\GitHubDesktop\bin;C:\Users\Hieu\AppData\Local\Programs\Microsoft VS Code\bin;C:\Program Files\heroku\bin;C:\Users\Hieu\AppData\Local\Microsoft\WindowsApps;;."/>
    <property name="java.specification.name" value="Java Platform API Specification"/>
    <property name="java.class.version" value="52.0"/>
    <property name="sun.management.compiler" value="HotSpot 64-Bit Tiered Compilers"/>
    <property name="os.version" value="10.0"/>
    <property name="user.home" value="C:\Users\Hieu"/>
    <property name="user.timezone" value="Australia/Sydney"/>
    <property name="java.awt.printerjob" value="sun.awt.windows.WPrinterJob"/>
    <property name="java.specification.version" value="1.8"/>
    <property name="file.encoding" value="UTF-8"/>
    <property name="user.name" value="Hieu"/>
    <property name="java.class.path" value="C:\Program Files\NetBeans 8.2\java\maven\boot\plexus-classworlds-2.4.jar"/>
    <property name="java.vm.specification.version" value="1.8"/>
    <property name="sun.arch.data.model" value="64"/>
    <property name="java.home" value="C:\Program Files\Java\jdk1.8.0_201\jre"/>
    <property name="sun.java.command" value="org.codehaus.plexus.classworlds.launcher.Launcher -Dmaven.ext.class.path=C:\Program Files\NetBeans 8.2\java\maven-nblib\netbeans-eventspy.jar -Dfile.encoding=UTF-8 clean install"/>
    <property name="java.specification.vendor" value="Oracle Corporation"/>
    <property name="user.language" value="en"/>
    <property name="awt.toolkit" value="sun.awt.windows.WToolkit"/>
    <property name="java.vm.info" value="mixed mode"/>
    <property name="java.version" value="1.8.0_201"/>
    <property name="java.ext.dirs" value="C:\Program Files\Java\jdk1.8.0_201\jre\lib\ext;C:\WINDOWS\Sun\Java\lib\ext"/>
    <property name="sun.boot.class.path" value="C:\Program Files\Java\jdk1.8.0_201\jre\lib\resources.jar;C:\Program Files\Java\jdk1.8.0_201\jre\lib\rt.jar;C:\Program Files\Java\jdk1.8.0_201\jre\lib\sunrsasign.jar;C:\Program Files\Java\jdk1.8.0_201\jre\lib\jsse.jar;C:\Program Files\Java\jdk1.8.0_201\jre\lib\jce.jar;C:\Program Files\Java\jdk1.8.0_201\jre\lib\charsets.jar;C:\Program Files\Java\jdk1.8.0_201\jre\lib\jfr.jar;C:\Program Files\Java\jdk1.8.0_201\jre\classes"/>
    <property name="java.vendor" value="Oracle Corporation"/>
    <property name="maven.home" value="C:\Program Files\NetBeans 8.2\java\maven"/>
    <property name="file.separator" value="\"/>
    <property name="java.vendor.url.bug" value="http://bugreport.sun.com/bugreport/"/>
    <property name="sun.cpu.endian" value="little"/>
    <property name="sun.io.unicode.encoding" value="UnicodeLittle"/>
    <property name="sun.desktop" value="windows"/>
    <property name="sun.cpu.isalist" value="amd64"/>
  </properties>
<<<<<<< HEAD
  <testcase classname="Order Opal Card Feature" name="Successfully order an Opal Card and edit an order as an anonymous user" time="28.46"/>
  <testcase classname="Order Opal Card Feature" name="Successfully order an Opal Card as a customer" time="49.597">
    <failure type="junit.framework.AssertionFailedError">junit.framework.AssertionFailedError
	at junit.framework.Assert.fail(Assert.java:55)
	at junit.framework.Assert.assertTrue(Assert.java:22)
	at junit.framework.Assert.assertTrue(Assert.java:31)
	at asd.test.OrderFeature.the_page_should_be_navigated_to(OrderFeature.java:103)
	at âœ½.The page should be navigated to &quot;Order Cancelled&quot;(file:opalFeatures/OrderFeature.feature:31)
</failure>
    <system-err>Starting ChromeDriver 76.0.3809.126 (d80a294506b4c9d18015e755cee48f953ddc3f2f-refs/branch-heads/3809@{#1024}) on port 40552
Only local connections are allowed.
Please protect ports used by ChromeDriver and related test frameworks to prevent access by malicious code.
[1568351845.428][WARNING]: Timed out connecting to Chrome, retrying...
Sep 13, 2019 3:17:27 PM org.openqa.selenium.remote.ProtocolHandshake createSession
INFO: Detected dialect: W3C
</system-err>
  </testcase>
  <testcase classname="Order Opal Card Feature" name="Successfully view the order history" time="25.878">
    <error message="no such element: Unable to locate element: {&quot;method&quot;:&quot;css selector&quot;,&quot;selector&quot;:&quot;#order_history&quot;}
  (Session info: chrome=76.0.3809.132)
For documentation on this error, please visit: https://www.seleniumhq.org/exceptions/no_such_element.html
Build info: version: &apos;3.141.59&apos;, revision: &apos;e82be7d358&apos;, time: &apos;2018-11-14T08:17:03&apos;
System info: host: &apos;DESKTOP-P3652T2&apos;, ip: &apos;172.19.162.223&apos;, os.name: &apos;Windows 10&apos;, os.arch: &apos;amd64&apos;, os.version: &apos;10.0&apos;, java.version: &apos;1.8.0_212&apos;
Driver info: org.openqa.selenium.chrome.ChromeDriver
Capabilities {acceptInsecureCerts: false, browserName: chrome, browserVersion: 76.0.3809.132, chrome: {chromedriverVersion: 76.0.3809.126 (d80a294506b4..., userDataDir: C:\Users\aasdd\AppData\Loca...}, goog:chromeOptions: {debuggerAddress: localhost:49866}, javascriptEnabled: true, networkConnectionEnabled: false, pageLoadStrategy: normal, platform: XP, platformName: XP, proxy: Proxy(), setWindowRect: true, strictFileInteractability: false, timeouts: {implicit: 0, pageLoad: 300000, script: 30000}, unhandledPromptBehavior: dismiss and notify}
Session ID: 94cbe1a3723564e2eecc520c9200e596
*** Element info: {Using=id, value=order_history}" type="org.openqa.selenium.NoSuchElementException">org.openqa.selenium.NoSuchElementException: no such element: Unable to locate element: {&quot;method&quot;:&quot;css selector&quot;,&quot;selector&quot;:&quot;#order_history&quot;}
  (Session info: chrome=76.0.3809.132)
For documentation on this error, please visit: https://www.seleniumhq.org/exceptions/no_such_element.html
Build info: version: &apos;3.141.59&apos;, revision: &apos;e82be7d358&apos;, time: &apos;2018-11-14T08:17:03&apos;
System info: host: &apos;DESKTOP-P3652T2&apos;, ip: &apos;172.19.162.223&apos;, os.name: &apos;Windows 10&apos;, os.arch: &apos;amd64&apos;, os.version: &apos;10.0&apos;, java.version: &apos;1.8.0_212&apos;
Driver info: org.openqa.selenium.chrome.ChromeDriver
Capabilities {acceptInsecureCerts: false, browserName: chrome, browserVersion: 76.0.3809.132, chrome: {chromedriverVersion: 76.0.3809.126 (d80a294506b4..., userDataDir: C:\Users\aasdd\AppData\Loca...}, goog:chromeOptions: {debuggerAddress: localhost:49866}, javascriptEnabled: true, networkConnectionEnabled: false, pageLoadStrategy: normal, platform: XP, platformName: XP, proxy: Proxy(), setWindowRect: true, strictFileInteractability: false, timeouts: {implicit: 0, pageLoad: 300000, script: 30000}, unhandledPromptBehavior: dismiss and notify}
Session ID: 94cbe1a3723564e2eecc520c9200e596
*** Element info: {Using=id, value=order_history}
	at sun.reflect.NativeConstructorAccessorImpl.newInstance0(Native Method)
	at sun.reflect.NativeConstructorAccessorImpl.newInstance(NativeConstructorAccessorImpl.java:62)
	at sun.reflect.DelegatingConstructorAccessorImpl.newInstance(DelegatingConstructorAccessorImpl.java:45)
	at java.lang.reflect.Constructor.newInstance(Constructor.java:423)
	at org.openqa.selenium.remote.http.W3CHttpResponseCodec.createException(W3CHttpResponseCodec.java:187)
	at org.openqa.selenium.remote.http.W3CHttpResponseCodec.decode(W3CHttpResponseCodec.java:122)
	at org.openqa.selenium.remote.http.W3CHttpResponseCodec.decode(W3CHttpResponseCodec.java:49)
	at org.openqa.selenium.remote.HttpCommandExecutor.execute(HttpCommandExecutor.java:158)
	at org.openqa.selenium.remote.service.DriverCommandExecutor.execute(DriverCommandExecutor.java:83)
	at org.openqa.selenium.remote.RemoteWebDriver.execute(RemoteWebDriver.java:552)
	at org.openqa.selenium.remote.RemoteWebDriver.findElement(RemoteWebDriver.java:323)
	at org.openqa.selenium.remote.RemoteWebDriver.findElementById(RemoteWebDriver.java:372)
	at org.openqa.selenium.By$ById.findElement(By.java:188)
	at org.openqa.selenium.remote.RemoteWebDriver.findElement(RemoteWebDriver.java:315)
	at asd.test.OrderFeature.user_Click_on(OrderFeature.java:46)
	at âœ½.User Click on &quot;order_history&quot;(file:opalFeatures/OrderFeature.feature:36)
</error>
    <system-err>Starting ChromeDriver 76.0.3809.126 (d80a294506b4c9d18015e755cee48f953ddc3f2f-refs/branch-heads/3809@{#1024}) on port 21368
Only local connections are allowed.
Please protect ports used by ChromeDriver and related test frameworks to prevent access by malicious code.
[1568351894.967][WARNING]: Timed out connecting to Chrome, retrying...
Sep 13, 2019 3:18:17 PM org.openqa.selenium.remote.ProtocolHandshake createSession
INFO: Detected dialect: W3C
</system-err>
  </testcase>
  <testcase classname="Order Opal Card Feature" name="Successfully view all the order" time="15.267"/>
=======
  <testcase classname="Order Opal Card Feature" name="Successfully order an Opal Card\u002C cancel an order\u002C and edit an order as an anonymous user" time="0.004">
    <skipped/>
  </testcase>
  <testcase classname="Order Opal Card Feature" name="Successfully order an Opal Card\u002C cancel an order\u002C and edit an order as an anonymous user" time="0.009">
    <skipped/>
  </testcase>
  <testcase classname="Order Opal Card Feature" name="Successfully order an Opal Card\u002C cancel an order\u002C and edit an order as an anonymous user" time="0.009">
    <skipped/>
  </testcase>
  <testcase classname="Order Opal Card Feature" name="Successfully order an Opal Card\u002C cancel an order\u002C and edit an order as an anonymous user" time="0.009">
    <skipped/>
  </testcase>
  <testcase classname="Order Opal Card Feature" name="Successfully order an Opal Card\u002C cancel an order\u002C and edit an order as an anonymous user" time="0.009">
    <skipped/>
  </testcase>
  <testcase classname="Order Opal Card Feature" name="Successfully order an Opal Card\u002C cancel an order\u002C and edit an order as an anonymous user" time="0.009">
    <skipped/>
  </testcase>
  <testcase classname="Order Opal Card Feature" name="Successfully order an Opal Card\u002C cancel an order\u002C and edit an order as an anonymous user" time="0.009">
    <skipped/>
  </testcase>
  <testcase classname="Order Opal Card Feature" name="Successfully order an Opal Card\u002C cancel an order\u002C and edit an order as an anonymous user" time="0.009">
    <skipped/>
  </testcase>
  <testcase classname="Order Opal Card Feature" name="Successfully order an Opal Card\u002C cancel an order\u002C and edit an order as an anonymous user" time="0.009">
    <skipped/>
  </testcase>
  <testcase classname="Order Opal Card Feature" name="Successfully order an Opal Card\u002C cancel an order\u002C and edit an order as an anonymous user" time="0.009">
    <skipped/>
  </testcase>
  <testcase classname="Order Opal Card Feature" name="Successfully order an Opal Card\u002C cancel an order\u002C and edit an order as an anonymous user" time="0.009">
    <skipped/>
  </testcase>
  <testcase classname="Order Opal Card Feature" name="Successfully order an Opal Card\u002C cancel an order\u002C and edit an order as an anonymous user" time="0.009">
    <skipped/>
  </testcase>
  <testcase classname="Order Opal Card Feature" name="Successfully order an Opal Card\u002C cancel an order\u002C and edit an order as an anonymous user" time="0.009">
    <skipped/>
  </testcase>
  <testcase classname="Order Opal Card Feature" name="Successfully order an Opal Card\u002C cancel an order\u002C and edit an order as an anonymous user" time="0.009">
    <skipped/>
  </testcase>
  <testcase classname="Order Opal Card Feature" name="Successfully order an Opal Card\u002C cancel an order\u002C and edit an order as an anonymous user" time="0.001">
    <skipped/>
  </testcase>
  <testcase classname="Order Opal Card Feature" name="Successfully order an Opal Card\u002C cancel an order\u002C and edit an order as an anonymous user" time="0.001">
    <skipped/>
  </testcase>
  <testcase classname="Order Opal Card Feature" name="Successfully order an Opal Card\u002C cancel an order\u002C and edit an order as an anonymous user" time="0.001">
    <skipped/>
  </testcase>
  <testcase classname="Order Opal Card Feature" name="Successfully order an Opal Card\u002C cancel an order\u002C and edit an order as an anonymous user" time="0.001">
    <skipped/>
  </testcase>
  <testcase classname="Order Opal Card Feature" name="Successfully order an Opal Card\u002C cancel an order\u002C and edit an order as an anonymous user" time="0.001">
    <skipped/>
  </testcase>
  <testcase classname="Order Opal Card Feature" name="Successfully order an Opal Card\u002C cancel an order\u002C and edit an order as an anonymous user" time="0.001">
    <skipped/>
  </testcase>
  <testcase classname="Order Opal Card Feature" name="Successfully order an Opal Card\u002C cancel an order\u002C and edit an order as an anonymous user" time="0.001">
    <skipped/>
  </testcase>
  <testcase classname="Order Opal Card Feature" name="Successfully order an Opal Card\u002C cancel an order\u002C and edit an order as an anonymous user" time="0.001">
    <skipped/>
  </testcase>
  <testcase classname="Order Opal Card Feature" name="Successfully order an Opal Card\u002C cancel an order\u002C and edit an order as an anonymous user" time="0.001">
    <skipped/>
  </testcase>
  <testcase classname="Order Opal Card Feature" name="Successfully order an Opal Card\u002C cancel an order\u002C and edit an order as an anonymous user" time="0.001">
    <skipped/>
  </testcase>
  <testcase classname="Order Opal Card Feature" name="Successfully order an Opal Card\u002C cancel an order\u002C and edit an order as an anonymous user" time="0.001">
    <skipped/>
  </testcase>
  <testcase classname="Order Opal Card Feature" name="Successfully order an Opal Card\u002C cancel an order\u002C and edit an order as an anonymous user" time="0.001">
    <skipped/>
  </testcase>
  <testcase classname="Order Opal Card Feature" name="Successfully order an Opal Card\u002C cancel an order\u002C and edit an order as an anonymous user" time="0.001">
    <skipped/>
  </testcase>
  <testcase classname="Order Opal Card Feature" name="Successfully order an Opal Card\u002C cancel an order\u002C and edit an order as an anonymous user" time="0.001">
    <skipped/>
  </testcase>
  <testcase classname="Order Opal Card Feature" name="Successfully order an Opal Card as a customer" time="0.001">
    <skipped/>
  </testcase>
  <testcase classname="Order Opal Card Feature" name="Successfully order an Opal Card as a customer" time="0.001">
    <skipped/>
  </testcase>
  <testcase classname="Order Opal Card Feature" name="Successfully order an Opal Card as a customer" time="0.001">
    <skipped/>
  </testcase>
  <testcase classname="Order Opal Card Feature" name="Successfully order an Opal Card as a customer" time="0.001">
    <skipped/>
  </testcase>
  <testcase classname="Order Opal Card Feature" name="Successfully order an Opal Card as a customer" time="0.001">
    <skipped/>
  </testcase>
  <testcase classname="Order Opal Card Feature" name="Successfully order an Opal Card as a customer" time="0.001">
    <skipped/>
  </testcase>
  <testcase classname="Order Opal Card Feature" name="Successfully order an Opal Card as a customer" time="0.001">
    <skipped/>
  </testcase>
  <testcase classname="Order Opal Card Feature" name="Successfully order an Opal Card as a customer" time="0.001">
    <skipped/>
  </testcase>
  <testcase classname="Order Opal Card Feature" name="Successfully order an Opal Card as a customer" time="0.001">
    <skipped/>
  </testcase>
  <testcase classname="Order Opal Card Feature" name="Successfully order an Opal Card as a customer" time="0.001">
    <skipped/>
  </testcase>
  <testcase classname="Order Opal Card Feature" name="Successfully view the order history" time="0">
    <skipped/>
  </testcase>
  <testcase classname="Order Opal Card Feature" name="Successfully view the order history" time="0">
    <skipped/>
  </testcase>
  <testcase classname="Order Opal Card Feature" name="Successfully view the order history" time="0">
    <skipped/>
  </testcase>
  <testcase classname="Order Opal Card Feature" name="Successfully view the order history" time="0">
    <skipped/>
  </testcase>
  <testcase classname="Order Opal Card Feature" name="Successfully view all the order" time="0">
    <skipped/>
  </testcase>
  <testcase classname="Order Opal Card Feature" name="Successfully view all the order" time="0">
    <skipped/>
  </testcase>
  <testcase classname="Order Opal Card Feature" name="Successfully view all the order" time="0">
    <skipped/>
  </testcase>
>>>>>>> 180eb8c2743879f33b15c5be5c802ef6b356f199
</testsuite>