<?xml version="1.0" encoding="UTF-8" ?>
<testsuite tests="52" failures="0" name="asd.test.RunTest" time="27.107" errors="3" skipped="49">
  <properties>
    <property name="java.runtime.name" value="Java(TM) SE Runtime Environment"/>
    <property name="sun.boot.library.path" value="C:\Program Files\Java\jdk1.8.0_201\jre\bin"/>
    <property name="java.vm.version" value="25.201-b09"/>
    <property name="java.vm.vendor" value="Oracle Corporation"/>
    <property name="java.vendor.url" value="http://java.oracle.com/"/>
    <property name="path.separator" value=";"/>
    <property name="guice.disable.misplaced.annotation.check" value="true"/>
    <property name="java.vm.name" value="Java HotSpot(TM) 64-Bit Server VM"/>
    <property name="file.encoding.pkg" value="sun.io"/>
    <property name="user.script" value=""/>
    <property name="user.country" value="US"/>
    <property name="sun.java.launcher" value="SUN_STANDARD"/>
    <property name="sun.os.patch.level" value=""/>
    <property name="java.vm.specification.name" value="Java Virtual Machine Specification"/>
    <property name="user.dir" value="C:\Users\Hieu\Pictures\unitest\ASD-Test"/>
    <property name="java.runtime.version" value="1.8.0_201-b09"/>
    <property name="java.awt.graphicsenv" value="sun.awt.Win32GraphicsEnvironment"/>
    <property name="java.endorsed.dirs" value="C:\Program Files\Java\jdk1.8.0_201\jre\lib\endorsed"/>
    <property name="os.arch" value="amd64"/>
    <property name="java.io.tmpdir" value="C:\Users\Hieu\AppData\Local\Temp\"/>
    <property name="line.separator" value="
"/>
    <property name="java.vm.specification.vendor" value="Oracle Corporation"/>
    <property name="user.variant" value=""/>
    <property name="os.name" value="Windows 10"/>
    <property name="maven.ext.class.path" value="C:\Program Files\NetBeans 8.2\java\maven-nblib\netbeans-eventspy.jar"/>
    <property name="classworlds.conf" value="C:\Program Files\NetBeans 8.2\java\maven\bin\m2.conf"/>
    <property name="sun.jnu.encoding" value="Cp1252"/>
    <property name="java.library.path" value="C:\Program Files\Java\jdk1.8.0_201\bin;C:\WINDOWS\Sun\Java\bin;C:\WINDOWS\system32;C:\WINDOWS;C:\Program Files (x86)\Common Files\Oracle\Java\javapath;C:\WINDOWS\system32;C:\WINDOWS;C:\WINDOWS\System32\Wbem;C:\WINDOWS\System32\WindowsPowerShell\v1.0\;C:\WINDOWS\System32\OpenSSH\;C:\Program Files\PuTTY\;C:\Program Files\Git\cmd;C:\Users\Hieu\AppData\Roaming\Microsoft\Windows\Start Menu\Programs\Python 3.7;C:\Users\Hieu\AppData\Local\Programs\Python\Python37\;C:\Users\Hieu\AppData\Local\Microsoft\WindowsApps;C:\Users\Hieu\AppData\Local\atom\bin;C:\Users\Hieu\AppData\Local\GitHubDesktop\bin;C:\Users\Hieu\AppData\Local\Programs\Microsoft VS Code\bin;C:\Program Files\heroku\bin;C:\Users\Hieu\AppData\Local\Microsoft\WindowsApps;;."/>
    <property name="java.specification.name" value="Java Platform API Specification"/>
    <property name="java.class.version" value="52.0"/>
    <property name="sun.management.compiler" value="HotSpot 64-Bit Tiered Compilers"/>
    <property name="os.version" value="10.0"/>
    <property name="user.home" value="C:\Users\Hieu"/>
    <property name="user.timezone" value="Australia/Sydney"/>
    <property name="java.awt.printerjob" value="sun.awt.windows.WPrinterJob"/>
    <property name="java.specification.version" value="1.8"/>
    <property name="file.encoding" value="UTF-8"/>
    <property name="user.name" value="Hieu"/>
    <property name="java.class.path" value="C:\Program Files\NetBeans 8.2\java\maven\boot\plexus-classworlds-2.4.jar"/>
    <property name="java.vm.specification.version" value="1.8"/>
    <property name="sun.arch.data.model" value="64"/>
    <property name="java.home" value="C:\Program Files\Java\jdk1.8.0_201\jre"/>
    <property name="sun.java.command" value="org.codehaus.plexus.classworlds.launcher.Launcher -Dmaven.ext.class.path=C:\Program Files\NetBeans 8.2\java\maven-nblib\netbeans-eventspy.jar -Dfile.encoding=UTF-8 test"/>
    <property name="java.specification.vendor" value="Oracle Corporation"/>
    <property name="user.language" value="en"/>
    <property name="awt.toolkit" value="sun.awt.windows.WToolkit"/>
    <property name="java.vm.info" value="mixed mode"/>
    <property name="java.version" value="1.8.0_201"/>
    <property name="java.ext.dirs" value="C:\Program Files\Java\jdk1.8.0_201\jre\lib\ext;C:\WINDOWS\Sun\Java\lib\ext"/>
    <property name="sun.boot.class.path" value="C:\Program Files\Java\jdk1.8.0_201\jre\lib\resources.jar;C:\Program Files\Java\jdk1.8.0_201\jre\lib\rt.jar;C:\Program Files\Java\jdk1.8.0_201\jre\lib\sunrsasign.jar;C:\Program Files\Java\jdk1.8.0_201\jre\lib\jsse.jar;C:\Program Files\Java\jdk1.8.0_201\jre\lib\jce.jar;C:\Program Files\Java\jdk1.8.0_201\jre\lib\charsets.jar;C:\Program Files\Java\jdk1.8.0_201\jre\lib\jfr.jar;C:\Program Files\Java\jdk1.8.0_201\jre\classes"/>
    <property name="java.vendor" value="Oracle Corporation"/>
    <property name="maven.home" value="C:\Program Files\NetBeans 8.2\java\maven"/>
    <property name="file.separator" value="\"/>
    <property name="java.vendor.url.bug" value="http://bugreport.sun.com/bugreport/"/>
    <property name="sun.cpu.endian" value="little"/>
    <property name="sun.io.unicode.encoding" value="UnicodeLittle"/>
    <property name="sun.desktop" value="windows"/>
    <property name="sun.cpu.isalist" value="amd64"/>
  </properties>
  <testcase classname="Card Management Feature" name="Successfully link Opal card to account" time="0.003">
    <skipped/>
  </testcase>
  <testcase classname="Card Management Feature" name="Successfully link Opal card to account" time="0.008">
    <skipped/>
  </testcase>
  <testcase classname="Card Management Feature" name="Successfully link Opal card to account" time="0.008">
    <skipped/>
  </testcase>
  <testcase classname="Card Management Feature" name="Successfully link Opal card to account" time="0.008">
    <skipped/>
  </testcase>
  <testcase classname="Card Management Feature" name="Successfully link Opal card to account" time="0.008">
    <skipped/>
  </testcase>
  <testcase classname="Card Management Feature" name="Successfully link Opal card to account" time="0.008">
    <skipped/>
  </testcase>
  <testcase classname="Card Management Feature" name="Failed linking Opal card with wrong Opal details" time="0">
    <skipped/>
  </testcase>
  <testcase classname="Card Management Feature" name="Failed linking Opal card with wrong Opal details" time="0">
    <skipped/>
  </testcase>
  <testcase classname="Card Management Feature" name="Failed linking Opal card with wrong Opal details" time="0">
    <skipped/>
  </testcase>
  <testcase classname="Card Management Feature" name="Failed linking Opal card with wrong Opal details" time="0">
    <skipped/>
  </testcase>
  <testcase classname="Card Management Feature" name="Failed linking Opal card with wrong Opal details" time="0">
    <skipped/>
  </testcase>
  <testcase classname="Card Management Feature" name="Failed linking Opal card with wrong Opal details" time="0">
    <skipped/>
  </testcase>
  <testcase classname="Card Management Feature" name="Successfully unlink Opal card from account" time="0">
    <skipped/>
  </testcase>
  <testcase classname="Card Management Feature" name="Successfully unlink Opal card from account" time="0">
    <skipped/>
  </testcase>
  <testcase classname="Card Management Feature" name="Successfully unlink Opal card from account" time="0">
    <skipped/>
  </testcase>
  <testcase classname="Card Management Feature" name="Successfully unlink Opal card from account" time="0">
    <skipped/>
  </testcase>
  <testcase classname="Card Management Feature" name="Successfully search an Opal Card by Opal ID" time="0.001">
    <skipped/>
  </testcase>
  <testcase classname="Card Management Feature" name="Successfully search an Opal Card by Opal ID" time="0.001">
    <skipped/>
  </testcase>
  <testcase classname="Card Management Feature" name="Successfully search an Opal Card by Opal ID" time="0.001">
    <skipped/>
  </testcase>
  <testcase classname="Card Management Feature" name="Successfully search an Opal Card by Opal ID" time="0.001">
    <skipped/>
  </testcase>
  <testcase classname="Card Management Feature" name="Successfully search an Opal Card by Opal ID" time="0.001">
    <skipped/>
  </testcase>
  <testcase classname="Card Management Feature" name="Successfully view the details of the Opal card" time="0">
    <skipped/>
  </testcase>
  <testcase classname="Card Management Feature" name="Successfully view the details of the Opal card" time="0">
    <skipped/>
  </testcase>
  <testcase classname="Card Management Feature" name="Successfully view the details of the Opal card" time="0.001">
    <skipped/>
  </testcase>
  <testcase classname="Card Management Feature" name="Successfully view the details of the Opal card" time="0.001">
    <skipped/>
  </testcase>
  <testcase classname="Card Management Feature" name="Successfully register an Opal Card" time="0">
    <skipped/>
  </testcase>
  <testcase classname="Card Management Feature" name="Successfully register an Opal Card" time="0">
    <skipped/>
  </testcase>
  <testcase classname="Card Management Feature" name="Successfully register an Opal Card" time="0.001">
    <skipped/>
  </testcase>
  <testcase classname="Card Management Feature" name="Successfully register an Opal Card" time="0.001">
    <skipped/>
  </testcase>
  <testcase classname="Card Management Feature" name="Successfully register an Opal Card" time="0.001">
    <skipped/>
  </testcase>
  <testcase classname="Card Management Feature" name="Successfully register an Opal Card" time="0.001">
    <skipped/>
  </testcase>
  <testcase classname="Card Management Feature" name="Failed register an Opal Card" time="0">
    <skipped/>
  </testcase>
  <testcase classname="Card Management Feature" name="Failed register an Opal Card" time="0">
    <skipped/>
  </testcase>
  <testcase classname="Card Management Feature" name="Failed register an Opal Card" time="0">
    <skipped/>
  </testcase>
  <testcase classname="Card Management Feature" name="Failed register an Opal Card" time="0">
    <skipped/>
  </testcase>
  <testcase classname="Card Management Feature" name="Failed register an Opal Card" time="0">
    <skipped/>
  </testcase>
  <testcase classname="Card Management Feature" name="Failed register an Opal Card" time="0">
    <skipped/>
  </testcase>
  <testcase classname="Card Management Feature" name="Successfully list all Opal cards" time="0">
    <skipped/>
  </testcase>
  <testcase classname="Card Management Feature" name="Successfully list all Opal cards" time="0">
    <skipped/>
  </testcase>
  <testcase classname="Card Management Feature" name="Successfully list all Opal cards" time="0">
    <skipped/>
  </testcase>
  <testcase classname="Card Management Feature" name="Successfully list all Opal cards" time="0">
    <skipped/>
  </testcase>
  <testcase classname="TopUpManagementFeature" name="Successfully create\/update\/delete preffered payment method" time="13.159">
    <error message="no such element: Unable to locate element: {&quot;method&quot;:&quot;css selector&quot;,&quot;selector&quot;:&quot;#addPaymentMethodOutcome_back&quot;}
  (Session info: chrome=76.0.3809.132)
For documentation on this error, please visit: https://www.seleniumhq.org/exceptions/no_such_element.html
Build info: version: &apos;3.141.59&apos;, revision: &apos;e82be7d358&apos;, time: &apos;2018-11-14T08:17:03&apos;
System info: host: &apos;DESKTOP-NDQN486&apos;, ip: &apos;172.19.185.106&apos;, os.name: &apos;Windows 10&apos;, os.arch: &apos;amd64&apos;, os.version: &apos;10.0&apos;, java.version: &apos;1.8.0_201&apos;
Driver info: org.openqa.selenium.chrome.ChromeDriver
Capabilities {acceptInsecureCerts: false, browserName: chrome, browserVersion: 76.0.3809.132, chrome: {chromedriverVersion: 76.0.3809.126 (d80a294506b4..., userDataDir: C:\Users\Hieu\AppData\Local...}, goog:chromeOptions: {debuggerAddress: localhost:52801}, javascriptEnabled: true, networkConnectionEnabled: false, pageLoadStrategy: normal, platform: XP, platformName: XP, proxy: Proxy(), setWindowRect: true, strictFileInteractability: false, timeouts: {implicit: 0, pageLoad: 300000, script: 30000}, unhandledPromptBehavior: dismiss and notify}
Session ID: 5ef5d5b56ac41e33761af487974ee773
*** Element info: {Using=id, value=addPaymentMethodOutcome_back}" type="org.openqa.selenium.NoSuchElementException">org.openqa.selenium.NoSuchElementException: no such element: Unable to locate element: {&quot;method&quot;:&quot;css selector&quot;,&quot;selector&quot;:&quot;#addPaymentMethodOutcome_back&quot;}
  (Session info: chrome=76.0.3809.132)
For documentation on this error, please visit: https://www.seleniumhq.org/exceptions/no_such_element.html
Build info: version: &apos;3.141.59&apos;, revision: &apos;e82be7d358&apos;, time: &apos;2018-11-14T08:17:03&apos;
System info: host: &apos;DESKTOP-NDQN486&apos;, ip: &apos;172.19.185.106&apos;, os.name: &apos;Windows 10&apos;, os.arch: &apos;amd64&apos;, os.version: &apos;10.0&apos;, java.version: &apos;1.8.0_201&apos;
Driver info: org.openqa.selenium.chrome.ChromeDriver
Capabilities {acceptInsecureCerts: false, browserName: chrome, browserVersion: 76.0.3809.132, chrome: {chromedriverVersion: 76.0.3809.126 (d80a294506b4..., userDataDir: C:\Users\Hieu\AppData\Local...}, goog:chromeOptions: {debuggerAddress: localhost:52801}, javascriptEnabled: true, networkConnectionEnabled: false, pageLoadStrategy: normal, platform: XP, platformName: XP, proxy: Proxy(), setWindowRect: true, strictFileInteractability: false, timeouts: {implicit: 0, pageLoad: 300000, script: 30000}, unhandledPromptBehavior: dismiss and notify}
Session ID: 5ef5d5b56ac41e33761af487974ee773
*** Element info: {Using=id, value=addPaymentMethodOutcome_back}
	at sun.reflect.NativeConstructorAccessorImpl.newInstance0(Native Method)
	at sun.reflect.NativeConstructorAccessorImpl.newInstance(NativeConstructorAccessorImpl.java:62)
	at sun.reflect.DelegatingConstructorAccessorImpl.newInstance(DelegatingConstructorAccessorImpl.java:45)
	at java.lang.reflect.Constructor.newInstance(Constructor.java:423)
	at org.openqa.selenium.remote.http.W3CHttpResponseCodec.createException(W3CHttpResponseCodec.java:187)
	at org.openqa.selenium.remote.http.W3CHttpResponseCodec.decode(W3CHttpResponseCodec.java:122)
	at org.openqa.selenium.remote.http.W3CHttpResponseCodec.decode(W3CHttpResponseCodec.java:49)
	at org.openqa.selenium.remote.HttpCommandExecutor.execute(HttpCommandExecutor.java:158)
	at org.openqa.selenium.remote.service.DriverCommandExecutor.execute(DriverCommandExecutor.java:83)
	at org.openqa.selenium.remote.RemoteWebDriver.execute(RemoteWebDriver.java:552)
	at org.openqa.selenium.remote.RemoteWebDriver.findElement(RemoteWebDriver.java:323)
	at org.openqa.selenium.remote.RemoteWebDriver.findElementById(RemoteWebDriver.java:372)
	at org.openqa.selenium.By$ById.findElement(By.java:188)
	at org.openqa.selenium.remote.RemoteWebDriver.findElement(RemoteWebDriver.java:315)
	at asd.test.TopUpManagementFeature.user_click_loginsuccess(TopUpManagementFeature.java:52)
	at ✽.User click &quot;addPaymentMethodOutcome_back&quot;(file:opalFeatures/TopUpManagementFeature.feature:15)
</error>
    <system-err>Starting ChromeDriver 76.0.3809.126 (d80a294506b4c9d18015e755cee48f953ddc3f2f-refs/branch-heads/3809@{#1024}) on port 47059
Only local connections are allowed.
Please protect ports used by ChromeDriver and related test frameworks to prevent access by malicious code.
[1568443670.656][WARNING]: Timed out connecting to Chrome, retrying...
Sep 14, 2019 4:47:52 PM org.openqa.selenium.remote.ProtocolHandshake createSession
INFO: Detected dialect: W3C
</system-err>
  </testcase>
  <testcase classname="Online User Registration" name="Successfully created a customer account" time="5.527">
    <error message="unknown error: cannot determine loading status
from disconnected: received Inspector.detached event
  (Session info: chrome=76.0.3809.132)
Build info: version: &apos;3.141.59&apos;, revision: &apos;e82be7d358&apos;, time: &apos;2018-11-14T08:17:03&apos;
System info: host: &apos;DESKTOP-NDQN486&apos;, ip: &apos;172.19.185.106&apos;, os.name: &apos;Windows 10&apos;, os.arch: &apos;amd64&apos;, os.version: &apos;10.0&apos;, java.version: &apos;1.8.0_201&apos;
Driver info: org.openqa.selenium.chrome.ChromeDriver
Capabilities {acceptInsecureCerts: false, browserName: chrome, browserVersion: 76.0.3809.132, chrome: {chromedriverVersion: 76.0.3809.126 (d80a294506b4..., userDataDir: C:\Users\Hieu\AppData\Local...}, goog:chromeOptions: {debuggerAddress: localhost:52825}, javascriptEnabled: true, networkConnectionEnabled: false, pageLoadStrategy: normal, platform: XP, platformName: XP, proxy: Proxy(), setWindowRect: true, strictFileInteractability: false, timeouts: {implicit: 0, pageLoad: 300000, script: 30000}, unhandledPromptBehavior: dismiss and notify}
Session ID: 2adee56b63e767dbeb873009c0dc627e" type="org.openqa.selenium.WebDriverException">org.openqa.selenium.WebDriverException: unknown error: cannot determine loading status
from disconnected: received Inspector.detached event
  (Session info: chrome=76.0.3809.132)
Build info: version: &apos;3.141.59&apos;, revision: &apos;e82be7d358&apos;, time: &apos;2018-11-14T08:17:03&apos;
System info: host: &apos;DESKTOP-NDQN486&apos;, ip: &apos;172.19.185.106&apos;, os.name: &apos;Windows 10&apos;, os.arch: &apos;amd64&apos;, os.version: &apos;10.0&apos;, java.version: &apos;1.8.0_201&apos;
Driver info: org.openqa.selenium.chrome.ChromeDriver
Capabilities {acceptInsecureCerts: false, browserName: chrome, browserVersion: 76.0.3809.132, chrome: {chromedriverVersion: 76.0.3809.126 (d80a294506b4..., userDataDir: C:\Users\Hieu\AppData\Local...}, goog:chromeOptions: {debuggerAddress: localhost:52825}, javascriptEnabled: true, networkConnectionEnabled: false, pageLoadStrategy: normal, platform: XP, platformName: XP, proxy: Proxy(), setWindowRect: true, strictFileInteractability: false, timeouts: {implicit: 0, pageLoad: 300000, script: 30000}, unhandledPromptBehavior: dismiss and notify}
Session ID: 2adee56b63e767dbeb873009c0dc627e
	at sun.reflect.NativeConstructorAccessorImpl.newInstance0(Native Method)
	at sun.reflect.NativeConstructorAccessorImpl.newInstance(NativeConstructorAccessorImpl.java:62)
	at sun.reflect.DelegatingConstructorAccessorImpl.newInstance(DelegatingConstructorAccessorImpl.java:45)
	at java.lang.reflect.Constructor.newInstance(Constructor.java:423)
	at org.openqa.selenium.remote.http.W3CHttpResponseCodec.createException(W3CHttpResponseCodec.java:187)
	at org.openqa.selenium.remote.http.W3CHttpResponseCodec.decode(W3CHttpResponseCodec.java:122)
	at org.openqa.selenium.remote.http.W3CHttpResponseCodec.decode(W3CHttpResponseCodec.java:49)
	at org.openqa.selenium.remote.HttpCommandExecutor.execute(HttpCommandExecutor.java:158)
	at org.openqa.selenium.remote.service.DriverCommandExecutor.execute(DriverCommandExecutor.java:83)
	at org.openqa.selenium.remote.RemoteWebDriver.execute(RemoteWebDriver.java:552)
	at org.openqa.selenium.remote.RemoteWebDriver.get(RemoteWebDriver.java:277)
	at asd.test.RegisterFeature.user_is_in(RegisterFeature.java:33)
	at ✽.User is in &quot;main.jsp&quot;(file:opalFeatures/UserRegistrationFeature.feature:8)
</error>
    <system-err>Starting ChromeDriver 76.0.3809.126 (d80a294506b4c9d18015e755cee48f953ddc3f2f-refs/branch-heads/3809@{#1024}) on port 6822
Only local connections are allowed.
Please protect ports used by ChromeDriver and related test frameworks to prevent access by malicious code.
[1568443682.814][WARNING]: Timed out connecting to Chrome, retrying...
Sep 14, 2019 4:48:04 PM org.openqa.selenium.remote.ProtocolHandshake createSession
INFO: Detected dialect: W3C
</system-err>
  </testcase>
  <testcase classname="Online User Registration" name="Successfully created a customer account" time="5.528">
    <error message="The step &quot;the page should be navigated to &quot;register.jsp&quot;&quot; is undefined" type="cucumber.runtime.junit.UndefinedThrowable">cucumber.runtime.junit.UndefinedThrowable: The step &quot;the page should be navigated to &quot;register.jsp&quot;&quot; is undefined
</error>
  </testcase>
  <testcase classname="Online User Registration" name="Successfully update account details" time="7.265">
    <skipped/>
  </testcase>
  <testcase classname="Online User Registration" name="Successfully update account details" time="7.265">
    <skipped/>
  </testcase>
  <testcase classname="Online User Registration" name="Successfully update account details" time="7.265">
    <skipped/>
  </testcase>
  <testcase classname="Online User Registration" name="Successfully update account details" time="7.265">
    <skipped/>
  </testcase>
  <testcase classname="Online User Registration" name="Successfully update account details" time="7.265">
    <skipped/>
  </testcase>
  <testcase classname="Online User Registration" name="Successfully update account details" time="7.265">
    <skipped/>
  </testcase>
  <testcase classname="Online User Registration" name="Successfully update account details" time="7.265">
    <skipped/>
  </testcase>
  <testcase classname="Online User Registration" name="Successfully update account details" time="7.265">
    <skipped/>
  </testcase>
</testsuite>